<?xml version="1.0" encoding="UTF-8"?>
<testng-results ignored="0" total="1" passed="1" failed="0" skipped="0">
  <reporter-output>
  </reporter-output>
  <suite started-at="2025-05-17T17:26:10 IST" name="Default suite" finished-at="2025-05-17T17:26:21 IST" duration-ms="10483">
    <groups>
    </groups>
    <test started-at="2025-05-17T17:26:10 IST" name="Default test" finished-at="2025-05-17T17:26:21 IST" duration-ms="10483">
      <class name="Register.TC_01">
        <test-method signature="TestCase01()[pri:0, instance:Register.TC_01@4d1c00d0]" started-at="2025-05-17T17:26:10 IST" name="TestCase01" finished-at="2025-05-17T17:26:21 IST" duration-ms="10420" status="PASS">
          <reporter-output>
          </reporter-output>
        </test-method> <!-- TestCase01 -->
      </class> <!-- Register.TC_01 -->
    </test> <!-- Default test -->
  </suite> <!-- Default suite -->
</testng-results>
