<?xml version="1.0" encoding="UTF-8"?>
<testng-results ignored="0" total="2" passed="2" failed="0" skipped="0">
  <reporter-output>
  </reporter-output>
  <suite started-at="2025-05-24T21:51:10 IST" name="QAFOX Suite" finished-at="2025-05-24T21:51:40 IST" duration-ms="29353">
    <groups>
    </groups>
    <test started-at="2025-05-24T21:51:10 IST" name="Register Tests" finished-at="2025-05-24T21:51:40 IST" duration-ms="29353">
      <class name="Register.TC_03Copy">
        <test-method is-config="true" signature="setUp()[pri:0, instance:Register.TC_03Copy@3943a2be]" started-at="2025-05-24T21:51:32 IST" name="setUp" finished-at="2025-05-24T21:51:33 IST" duration-ms="986" status="PASS">
          <reporter-output>
          </reporter-output>
        </test-method> <!-- setUp -->
        <test-method signature="TestCase02()[pri:0, instance:Register.TC_03Copy@3943a2be]" started-at="2025-05-24T21:51:33 IST" name="TestCase02" finished-at="2025-05-24T21:51:40 IST" duration-ms="6882" status="PASS">
          <reporter-output>
          </reporter-output>
        </test-method> <!-- TestCase02 -->
        <test-method is-config="true" signature="tearDown()[pri:0, instance:Register.TC_03Copy@3943a2be]" started-at="2025-05-24T21:51:40 IST" name="tearDown" finished-at="2025-05-24T21:51:40 IST" duration-ms="230" status="PASS">
          <reporter-output>
          </reporter-output>
        </test-method> <!-- tearDown -->
      </class> <!-- Register.TC_03Copy -->
      <class name="Register.TC_01">
        <test-method is-config="true" signature="setUp()[pri:0, instance:Register.TC_01@11c9af63]" started-at="2025-05-24T21:51:10 IST" name="setUp" finished-at="2025-05-24T21:51:17 IST" duration-ms="6727" status="PASS">
          <reporter-output>
          </reporter-output>
        </test-method> <!-- setUp -->
        <test-method signature="TestCase01()[pri:0, instance:Register.TC_01@11c9af63]" started-at="2025-05-24T21:51:17 IST" name="TestCase01" finished-at="2025-05-24T21:51:31 IST" duration-ms="13635" status="PASS">
          <reporter-output>
          </reporter-output>
        </test-method> <!-- TestCase01 -->
        <test-method is-config="true" signature="tearDown()[pri:0, instance:Register.TC_01@11c9af63]" started-at="2025-05-24T21:51:31 IST" name="tearDown" finished-at="2025-05-24T21:51:32 IST" duration-ms="822" status="PASS">
          <reporter-output>
          </reporter-output>
        </test-method> <!-- tearDown -->
      </class> <!-- Register.TC_01 -->
    </test> <!-- Register Tests -->
  </suite> <!-- QAFOX Suite -->
</testng-results>
